0 info it worked if it ends with ok
1 verbose cli [ 'node', '/usr/local/bin/npm', 'publish' ]
2 info using npm@1.2.18
3 info using node@v0.10.5
4 verbose publish [ '.' ]
5 verbose read json /Users/craig/Developer/Public/ewe.js/package.json
6 verbose cache add [ '.', null ]
7 verbose cache add name=undefined spec="." args=[".",null]
8 verbose parsed url { protocol: null,
8 verbose parsed url   slashes: null,
8 verbose parsed url   auth: null,
8 verbose parsed url   host: null,
8 verbose parsed url   port: null,
8 verbose parsed url   hostname: null,
8 verbose parsed url   hash: null,
8 verbose parsed url   search: null,
8 verbose parsed url   query: null,
8 verbose parsed url   pathname: '.',
8 verbose parsed url   path: '.',
8 verbose parsed url   href: '.' }
9 silly lockFile 3a52ce78- .
10 verbose lock . /Users/craig/.npm/3a52ce78-.lock
11 verbose read json package.json
12 verbose tar pack [ '/var/folders/n1/r96x64mx6jzcbzkbz1ddrw6r0000gn/T/npm-45082/1371001126550-0.05906011490151286/tmp.tgz',
12 verbose tar pack   '.' ]
13 verbose tarball /var/folders/n1/r96x64mx6jzcbzkbz1ddrw6r0000gn/T/npm-45082/1371001126550-0.05906011490151286/tmp.tgz
14 verbose folder .
15 info prepublish ewe@0.0.1
16 silly lockFile 3a52ce78- .
17 verbose lock . /Users/craig/.npm/3a52ce78-.lock
18 silly lockFile 0f358ab5-6550-0-05906011490151286-tmp-tgz /var/folders/n1/r96x64mx6jzcbzkbz1ddrw6r0000gn/T/npm-45082/1371001126550-0.05906011490151286/tmp.tgz
19 verbose lock /var/folders/n1/r96x64mx6jzcbzkbz1ddrw6r0000gn/T/npm-45082/1371001126550-0.05906011490151286/tmp.tgz /Users/craig/.npm/0f358ab5-6550-0-05906011490151286-tmp-tgz.lock
20 silly lockFile 3a52ce78- .
21 silly lockFile 3a52ce78- .
22 silly lockFile 0f358ab5-6550-0-05906011490151286-tmp-tgz /var/folders/n1/r96x64mx6jzcbzkbz1ddrw6r0000gn/T/npm-45082/1371001126550-0.05906011490151286/tmp.tgz
23 silly lockFile 0f358ab5-6550-0-05906011490151286-tmp-tgz /var/folders/n1/r96x64mx6jzcbzkbz1ddrw6r0000gn/T/npm-45082/1371001126550-0.05906011490151286/tmp.tgz
24 verbose tar unpack /var/folders/n1/r96x64mx6jzcbzkbz1ddrw6r0000gn/T/npm-45082/1371001126550-0.05906011490151286/tmp.tgz
25 silly lockFile 9f6f52b5-6550-0-05906011490151286-package /var/folders/n1/r96x64mx6jzcbzkbz1ddrw6r0000gn/T/npm-45082/1371001126550-0.05906011490151286/package
26 verbose lock /var/folders/n1/r96x64mx6jzcbzkbz1ddrw6r0000gn/T/npm-45082/1371001126550-0.05906011490151286/package /Users/craig/.npm/9f6f52b5-6550-0-05906011490151286-package.lock
27 silly lockFile 0f358ab5-6550-0-05906011490151286-tmp-tgz /var/folders/n1/r96x64mx6jzcbzkbz1ddrw6r0000gn/T/npm-45082/1371001126550-0.05906011490151286/tmp.tgz
28 verbose lock /var/folders/n1/r96x64mx6jzcbzkbz1ddrw6r0000gn/T/npm-45082/1371001126550-0.05906011490151286/tmp.tgz /Users/craig/.npm/0f358ab5-6550-0-05906011490151286-tmp-tgz.lock
29 silly gunzTarPerm modes [ '755', '644' ]
30 silly gunzTarPerm extractEntry package.json
31 silly gunzTarPerm extractEntry .npmignore
32 silly gunzTarPerm extractEntry README.md
33 silly gunzTarPerm extractEntry examples/mojo.js/ab/index.coffee
34 silly gunzTarPerm extractEntry examples/mojo.js/views/helloWorld-control.pc
35 silly gunzTarPerm extractEntry examples/mojo.js/views/helloWorld-v1.pc
36 silly gunzTarPerm extractEntry examples/mojo.js/views/helloWorld.coffee
37 silly gunzTarPerm extractEntry lib/group.js
38 silly gunzTarPerm extractEntry lib/index.js
39 silly gunzTarPerm extractEntry lib/test.js
40 silly gunzTarPerm extractEntry lib/utils.js
41 silly gunzTarPerm extractEntry lib/transport/index.js
42 silly gunzTarPerm extractEntry lib/transport/adapters/optimizely.js
43 silly gunzTarPerm extractEntry makefile
44 silly gunzTarPerm extractEntry rand-test/tester.coffee
45 silly gunzTarPerm extractEntry src/group.coffee
46 silly gunzTarPerm extractEntry src/index.coffee
47 silly gunzTarPerm extractEntry src/test.coffee
48 silly gunzTarPerm extractEntry src/transport/adapters/optimizely.coffee
49 silly gunzTarPerm extractEntry src/transport/index.coffee
50 silly gunzTarPerm extractEntry src/utils.coffee
51 silly gunzTarPerm extractEntry test/ewe-test.js
52 verbose read json /var/folders/n1/r96x64mx6jzcbzkbz1ddrw6r0000gn/T/npm-45082/1371001126550-0.05906011490151286/package/package.json
53 silly lockFile 9f6f52b5-6550-0-05906011490151286-package /var/folders/n1/r96x64mx6jzcbzkbz1ddrw6r0000gn/T/npm-45082/1371001126550-0.05906011490151286/package
54 silly lockFile 9f6f52b5-6550-0-05906011490151286-package /var/folders/n1/r96x64mx6jzcbzkbz1ddrw6r0000gn/T/npm-45082/1371001126550-0.05906011490151286/package
55 silly lockFile 0f358ab5-6550-0-05906011490151286-tmp-tgz /var/folders/n1/r96x64mx6jzcbzkbz1ddrw6r0000gn/T/npm-45082/1371001126550-0.05906011490151286/tmp.tgz
56 silly lockFile 0f358ab5-6550-0-05906011490151286-tmp-tgz /var/folders/n1/r96x64mx6jzcbzkbz1ddrw6r0000gn/T/npm-45082/1371001126550-0.05906011490151286/tmp.tgz
57 verbose from cache /var/folders/n1/r96x64mx6jzcbzkbz1ddrw6r0000gn/T/npm-45082/1371001126550-0.05906011490151286/package/package.json
58 verbose tar pack [ '/Users/craig/.npm/ewe/0.0.1/package.tgz',
58 verbose tar pack   '/var/folders/n1/r96x64mx6jzcbzkbz1ddrw6r0000gn/T/npm-45082/1371001126550-0.05906011490151286/package' ]
59 verbose tarball /Users/craig/.npm/ewe/0.0.1/package.tgz
60 verbose folder /var/folders/n1/r96x64mx6jzcbzkbz1ddrw6r0000gn/T/npm-45082/1371001126550-0.05906011490151286/package
61 silly lockFile 9f6f52b5-6550-0-05906011490151286-package /var/folders/n1/r96x64mx6jzcbzkbz1ddrw6r0000gn/T/npm-45082/1371001126550-0.05906011490151286/package
62 verbose lock /var/folders/n1/r96x64mx6jzcbzkbz1ddrw6r0000gn/T/npm-45082/1371001126550-0.05906011490151286/package /Users/craig/.npm/9f6f52b5-6550-0-05906011490151286-package.lock
63 silly lockFile 31ff6f4e--craig-npm-ewe-0-0-1-package-tgz /Users/craig/.npm/ewe/0.0.1/package.tgz
64 verbose lock /Users/craig/.npm/ewe/0.0.1/package.tgz /Users/craig/.npm/31ff6f4e--craig-npm-ewe-0-0-1-package-tgz.lock
65 silly lockFile 9f6f52b5-6550-0-05906011490151286-package /var/folders/n1/r96x64mx6jzcbzkbz1ddrw6r0000gn/T/npm-45082/1371001126550-0.05906011490151286/package
66 silly lockFile 9f6f52b5-6550-0-05906011490151286-package /var/folders/n1/r96x64mx6jzcbzkbz1ddrw6r0000gn/T/npm-45082/1371001126550-0.05906011490151286/package
67 silly lockFile 31ff6f4e--craig-npm-ewe-0-0-1-package-tgz /Users/craig/.npm/ewe/0.0.1/package.tgz
68 silly lockFile 31ff6f4e--craig-npm-ewe-0-0-1-package-tgz /Users/craig/.npm/ewe/0.0.1/package.tgz
69 silly lockFile a83c975f-sers-craig-npm-ewe-0-0-1-package /Users/craig/.npm/ewe/0.0.1/package
70 verbose lock /Users/craig/.npm/ewe/0.0.1/package /Users/craig/.npm/a83c975f-sers-craig-npm-ewe-0-0-1-package.lock
71 silly lockFile a83c975f-sers-craig-npm-ewe-0-0-1-package /Users/craig/.npm/ewe/0.0.1/package
72 silly lockFile a83c975f-sers-craig-npm-ewe-0-0-1-package /Users/craig/.npm/ewe/0.0.1/package
73 verbose tar unpack /Users/craig/.npm/ewe/0.0.1/package.tgz
74 silly lockFile a83c975f-sers-craig-npm-ewe-0-0-1-package /Users/craig/.npm/ewe/0.0.1/package
75 verbose lock /Users/craig/.npm/ewe/0.0.1/package /Users/craig/.npm/a83c975f-sers-craig-npm-ewe-0-0-1-package.lock
76 silly lockFile 31ff6f4e--craig-npm-ewe-0-0-1-package-tgz /Users/craig/.npm/ewe/0.0.1/package.tgz
77 verbose lock /Users/craig/.npm/ewe/0.0.1/package.tgz /Users/craig/.npm/31ff6f4e--craig-npm-ewe-0-0-1-package-tgz.lock
78 silly gunzTarPerm modes [ '755', '644' ]
79 silly gunzTarPerm extractEntry package.json
80 silly gunzTarPerm extractEntry .npmignore
81 silly gunzTarPerm extractEntry README.md
82 silly gunzTarPerm extractEntry examples/mojo.js/ab/index.coffee
83 silly gunzTarPerm extractEntry examples/mojo.js/views/helloWorld-control.pc
84 silly gunzTarPerm extractEntry examples/mojo.js/views/helloWorld-v1.pc
85 silly gunzTarPerm extractEntry examples/mojo.js/views/helloWorld.coffee
86 silly gunzTarPerm extractEntry lib/group.js
87 silly gunzTarPerm extractEntry lib/index.js
88 silly gunzTarPerm extractEntry lib/test.js
89 silly gunzTarPerm extractEntry lib/utils.js
90 silly gunzTarPerm extractEntry lib/transport/index.js
91 silly gunzTarPerm extractEntry lib/transport/adapters/optimizely.js
92 silly gunzTarPerm extractEntry makefile
93 silly gunzTarPerm extractEntry rand-test/tester.coffee
94 silly gunzTarPerm extractEntry src/group.coffee
95 silly gunzTarPerm extractEntry src/index.coffee
96 silly gunzTarPerm extractEntry src/test.coffee
97 silly gunzTarPerm extractEntry src/transport/adapters/optimizely.coffee
98 silly gunzTarPerm extractEntry src/transport/index.coffee
99 silly gunzTarPerm extractEntry src/utils.coffee
100 silly gunzTarPerm extractEntry test/ewe-test.js
101 verbose read json /Users/craig/.npm/ewe/0.0.1/package/package.json
102 silly lockFile a83c975f-sers-craig-npm-ewe-0-0-1-package /Users/craig/.npm/ewe/0.0.1/package
103 silly lockFile a83c975f-sers-craig-npm-ewe-0-0-1-package /Users/craig/.npm/ewe/0.0.1/package
104 silly lockFile 31ff6f4e--craig-npm-ewe-0-0-1-package-tgz /Users/craig/.npm/ewe/0.0.1/package.tgz
105 silly lockFile 31ff6f4e--craig-npm-ewe-0-0-1-package-tgz /Users/craig/.npm/ewe/0.0.1/package.tgz
106 silly shasum updated bytes 4132
107 info shasum 5c2982ff5cc3bcfaec698a23cfeea9182e1cbac6
107 info shasum /Users/craig/.npm/ewe/0.0.1/package.tgz
108 verbose from cache /Users/craig/.npm/ewe/0.0.1/package/package.json
109 verbose chmod /Users/craig/.npm/ewe/0.0.1/package.tgz 644
110 verbose chown /Users/craig/.npm/ewe/0.0.1/package.tgz [ 501, 20 ]
111 silly lockFile 3a52ce78- .
112 silly publish { name: 'ewe',
112 silly publish   version: '0.0.1',
112 silly publish   description: '',
112 silly publish   main: './lib/index.js',
112 silly publish   directories: { example: 'examples' },
112 silly publish   scripts: { test: 'mocha .' },
112 silly publish   repository: { type: 'git', url: 'git://github.com/classdojo/ewe.js.git' },
112 silly publish   author: '',
112 silly publish   license: 'BSD',
112 silly publish   readmeFilename: 'README.md',
112 silly publish   gitHead: '115a3ccfdbc55a95c5af1e49276272fc4dfe564b',
112 silly publish   devDependencies: { 'expect.js': '~0.2.0', mocha: '~1.10.0' },
112 silly publish   readme: '## ewe.js (yo͞o)\n\n\na/b testing for the front-end\n\n\n## Example\n\n```javascript\n\n\nvar ewe = require("ewe");\n\n\n//pick the ab test service\newe.use({\n  optimizely: {\n    //credentials\n  }\n});\n\n\n\n\n//create a new AB test case\nlaunchpadTest = ewe.group(accountId).\n  test("launchpad").\n  control("show hud", showHudV1).\n  variant("show hud 2", showHudV2).\n  variant("show hud 3", { weight: 3}, showHudV3);\n\n\nfunction showHudV1() {\n  launchpadTest.success({\n    //data\n  })\n  console.log("ab test 1");\n}\n\nfunction showHudV2() {\n  launchpadTest.fail({\n    //info about error\n  });\n    \n  //this is also valid\n  ewe.fail("launchpad", { })\n  \n  //along with this\n  ewe.test("launchpad").fail({ });\n  console.log("ab test 2");\n}\n\nfunction showHudV3() {\n  \n}\n\n```\n\n\n\n## API\n\n### .use(options)\n\nservice to use\n\n### group .group(uniqueId)\n\n\n#### test group.test(name) \n\ncreates a new test case, or returns a given test if it\'s registered.\n\n- `name` - name of the st\n\n#### test.control(name, value)\n\nthe control test\n\n#### test.variant(name [, options], value)\n\nthe test variation\n\n- `options` - (optional) the options for the variant\n  - `weight` - weight of the variation\n\n\n\n#### value test.select([variationName])\n\nselects a variation, and returns the given value.\n\n#### value test.control()\n\nreturns the control test\n\n`variationName` - (optional) the variation to select\n\n\n\n\n#### test.success(metadata)\n\ncalled after the test has succeeded\n\n#### test.fail(metadata)\n\ncalled after the test has failed\n\n### test.complete(error, success)\n\ncalled after error / success\n\n\n\n\n\n\n',
112 silly publish   _id: 'ewe@0.0.1',
112 silly publish   dist: { shasum: '5c2982ff5cc3bcfaec698a23cfeea9182e1cbac6' },
112 silly publish   _from: '.' }
113 verbose url raw ewe
114 verbose url resolving [ 'http://registry.npmjs.org/', './ewe' ]
115 verbose url resolved http://registry.npmjs.org/ewe
116 info trying registry request attempt 1 at 18:38:57
117 http PUT http://registry.npmjs.org/ewe
118 http 409 http://registry.npmjs.org/ewe
119 verbose url raw ewe
120 verbose url resolving [ 'http://registry.npmjs.org/', './ewe' ]
121 verbose url resolved http://registry.npmjs.org/ewe
122 info trying registry request attempt 1 at 18:38:57
123 http GET http://registry.npmjs.org/ewe
124 http 200 http://registry.npmjs.org/ewe
125 error publish fail Cannot publish over existing version.
125 error publish fail Update the 'version' field in package.json and try again.
125 error publish fail
125 error publish fail If the previous version was published in error, see:
125 error publish fail     npm help unpublish
125 error publish fail
125 error publish fail To automatically increment version numbers, see:
125 error publish fail     npm help version
126 error System Darwin 12.3.0
127 error command "node" "/usr/local/bin/npm" "publish"
128 error cwd /Users/craig/Developer/Public/ewe.js
129 error node -v v0.10.5
130 error npm -v 1.2.18
131 error code EPUBLISHCONFLICT
132 verbose exit [ 1, true ]
